proguard-project.txt
#-ignorewarnings

-libraryjars libs/armeabi/libapp_BaiduNaviApplib_v1_0_0.so
-libraryjars libs/armeabi/libBaiduMapSDK_v3_4_0_7.so
-libraryjars libs/armeabi/liblocnaviSDK.so
-libraryjars libs/armeabi/liblocSDK5.so
-libraryjars libs/armeabi/libejTTS.so
-libraryjars libs/armeabi/libCNPackage.so
-libraryjars libs/android_api_1.1_forsdk.jar
-libraryjars libs/BaiduLBS_Android.jar
-libraryjars libs/galaxy_mini.jar

-keep class com.baidu.** {*;}
-keep class vi.com.gdi.bgl.android.**{*;}
-keep class com.sinovoice.** {*;}
-dontwarn com.baidu.navisdk.comapi.tts.ttsplayer.**

-libraryjars libs/alipaySDK-20150610.jar

-keep class com.alipay.android.app.IAlixPay{*;}
-keep class com.alipay.android.app.IAlixPay$Stub{*;}
-keep class com.alipay.android.app.IRemoteServiceCallback{*;}
-keep class com.alipay.android.app.IRemoteServiceCallback$Stub{*;}
-keep class com.alipay.sdk.app.PayTask{ public *;}
-keep class com.alipay.sdk.app.AuthTask{ public *;}