proguard/seeds.txt
com.wlj.chuangbaba.AppStart
com.wlj.chuangbaba.AppStart: AppStart()
com.wlj.chuangbaba.ChuangBaBaContext
com.wlj.chuangbaba.ChuangBaBaContext: ChuangBaBaContext()
com.wlj.chuangbaba.MyBaseActivity: MyBaseActivity()
com.wlj.chuangbaba.MyBaseFragmentActivity: MyBaseFragmentActivity()
com.wlj.chuangbaba.MyBaseMoreFragmentActivity: MyBaseMoreFragmentActivity()
com.wlj.chuangbaba.PhotoGraphActivity: PhotoGraphActivity()
com.wlj.chuangbaba.R$anim: int abc_fade_in
com.wlj.chuangbaba.R$anim: int abc_fade_out
com.wlj.chuangbaba.R$anim: int abc_grow_fade_in_from_bottom
com.wlj.chuangbaba.R$anim: int abc_popup_enter
com.wlj.chuangbaba.R$anim: int abc_popup_exit
com.wlj.chuangbaba.R$anim: int abc_shrink_fade_out_from_bottom
com.wlj.chuangbaba.R$anim: int abc_slide_in_bottom
com.wlj.chuangbaba.R$anim: int abc_slide_in_top
com.wlj.chuangbaba.R$anim: int abc_slide_out_bottom
com.wlj.chuangbaba.R$anim: int abc_slide_out_top
com.wlj.chuangbaba.R$anim: int loading
com.wlj.chuangbaba.R$attr: int actionBarDivider
com.wlj.chuangbaba.R$attr: int actionBarItemBackground
com.wlj.chuangbaba.R$attr: int actionBarPopupTheme
com.wlj.chuangbaba.R$attr: int actionBarSize
com.wlj.chuangbaba.R$attr: int actionBarSplitStyle
com.wlj.chuangbaba.R$attr: int actionBarStyle
com.wlj.chuangbaba.R$attr: int actionBarTabBarStyle
com.wlj.chuangbaba.R$attr: int actionBarTabStyle
com.wlj.chuangbaba.R$attr: int actionBarTabTextStyle
com.wlj.chuangbaba.R$attr: int actionBarTheme
com.wlj.chuangbaba.R$attr: int actionBarWidgetTheme
com.wlj.chuangbaba.R$attr: int actionButtonStyle
com.wlj.chuangbaba.R$attr: int actionDropDownStyle
com.wlj.chuangbaba.R$attr: int actionLayout
com.wlj.chuangbaba.R$attr: int actionMenuTextAppearance
com.wlj.chuangbaba.R$attr: int actionMenuTextColor
com.wlj.chuangbaba.R$attr: int actionModeBackground
com.wlj.chuangbaba.R$attr: int actionModeCloseButtonStyle
com.wlj.chuangbaba.R$attr: int actionModeCloseDrawable
com.wlj.chuangbaba.R$attr: int actionModeCopyDrawable
com.wlj.chuangbaba.R$attr: int actionModeCutDrawable
com.wlj.chuangbaba.R$attr: int actionModeFindDrawable
com.wlj.chuangbaba.R$attr: int actionModePasteDrawable
com.wlj.chuangbaba.R$attr: int actionModePopupWindowStyle
com.wlj.chuangbaba.R$attr: int actionModeSelectAllDrawable
com.wlj.chuangbaba.R$attr: int actionModeShareDrawable
com.wlj.chuangbaba.R$attr: int actionModeSplitBackground
com.wlj.chuangbaba.R$attr: int actionModeStyle
com.wlj.chuangbaba.R$bool: int abc_action_bar_embed_tabs
com.wlj.chuangbaba.R$bool: int abc_action_bar_embed_tabs_pre_jb
com.wlj.chuangbaba.R$bool: int abc_action_bar_expanded_action_views_exclusive
com.wlj.chuangbaba.R$bool: int abc_config_actionMenuItemAllCaps
com.wlj.chuangbaba.R$bool: int abc_config_allowActionMenuItemTextWithIcon
com.wlj.chuangbaba.R$bool: int abc_config_closeDialogWhenTouchOutside
com.wlj.chuangbaba.R$bool: int abc_config_showMenuShortcutsWhenKeyboardPresent
...
com.baidu.mtjstatsdk.b.b
com.baidu.mtjstatsdk.b.b: java.net.Proxy a
com.baidu.mtjstatsdk.b.b: java.net.Proxy b
com.baidu.mtjstatsdk.b.b: java.lang.String a(boolean,android.content.Context,java.lang.String)
com.baidu.mtjstatsdk.b.b: void a(boolean,android.content.Context,java.lang.String,java.lang.String,boolean)
com.baidu.mtjstatsdk.b.b: void a(android.content.Context,java.lang.String,java.lang.String,boolean)
com.baidu.mtjstatsdk.b.b: java.lang.String a(android.content.Context,java.lang.String)
com.baidu.mtjstatsdk.b.b: byte[] b(android.content.Context,java.lang.String)
com.baidu.mtjstatsdk.b.b: boolean c(android.content.Context,java.lang.String)
com.baidu.mtjstatsdk.b.b: boolean a(java.lang.String)
com.baidu.mtjstatsdk.b.b: void a(java.lang.String,java.lang.String,boolean)
com.baidu.mtjstatsdk.b.b: java.lang.String b(java.lang.String)
com.baidu.mtjstatsdk.b.b: java.net.HttpURLConnection a(android.content.Context,java.lang.String,int,int)
com.baidu.mtjstatsdk.b.b: void d(android.content.Context,java.lang.String)
com.baidu.mtjstatsdk.b.b: boolean e(android.content.Context,java.lang.String)
com.baidu.mtjstatsdk.b.b: void c(java.lang.String)
com.baidu.mtjstatsdk.b.b: void <clinit>()
com.baidu.mtjstatsdk.b.c
com.baidu.mtjstatsdk.b.c: boolean a
com.baidu.mtjstatsdk.b.c: void a(java.lang.String,java.lang.String)
com.baidu.mtjstatsdk.b.c: void <clinit>()
com.baidu.mtjstatsdk.b.d
com.baidu.mtjstatsdk.b.d: android.text.format.DateFormat a
com.baidu.mtjstatsdk.b.d: void a()
com.baidu.mtjstatsdk.b.d: void b(java.lang.String,java.lang.String)
com.baidu.mtjstatsdk.b.d: void a(java.lang.String,java.lang.String,java.lang.Throwable)
com.baidu.mtjstatsdk.b.d: boolean a(java.lang.String,int)
com.baidu.mtjstatsdk.b.d: boolean a(int)
com.baidu.mtjstatsdk.b.d: int a(java.lang.String)
com.baidu.mtjstatsdk.b.d: int a(java.lang.Throwable)
com.baidu.mtjstatsdk.b.d: int a(java.lang.Object[])
com.baidu.mtjstatsdk.b.d: int a(java.lang.String,java.lang.String)
com.baidu.mtjstatsdk.b.d: int a(java.lang.String,java.lang.Throwable)
com.baidu.mtjstatsdk.b.d: java.lang.String d(java.lang.Object[])
com.baidu.mtjstatsdk.b.d: int b(java.lang.String)
com.baidu.mtjstatsdk.b.d: int b(java.lang.Object[])
com.baidu.mtjstatsdk.b.d: int c(java.lang.Object[])
com.baidu.mtjstatsdk.b.d: int c(java.lang.String)
com.baidu.mtjstatsdk.b.d: void <clinit>()
com.baidu.mtjstatsdk.b.e
com.baidu.mtjstatsdk.b.e: java.lang.String a(android.content.Context,java.lang.String)
com.baidu.mtjstatsdk.b.e: int a(android.content.Context)
com.baidu.mtjstatsdk.b.e: int b(android.content.Context)
com.baidu.mtjstatsdk.b.e: java.lang.String a(android.content.Context,java.lang.String,java.lang.String,int,int)
com.baidu.mtjstatsdk.b.e: java.lang.String c(android.content.Context)
com.baidu.mtjstatsdk.b.e: java.lang.String d(android.content.Context)
com.baidu.mtjstatsdk.b.e: java.lang.String e(android.content.Context)
com.baidu.mtjstatsdk.b.e: java.lang.String f(android.content.Context)
com.baidu.mtjstatsdk.b.e: java.lang.String g(android.content.Context)
com.baidu.mtjstatsdk.b.e: android.util.DisplayMetrics h(android.content.Context)
com.baidu.mtjstatsdk.c
com.baidu.mtjstatsdk.c: android.content.Context a
com.baidu.mtjstatsdk.c: java.lang.String b
com.baidu.mtjstatsdk.c: java.lang.String c
com.baidu.mtjstatsdk.c: java.lang.String d
com.baidu.mtjstatsdk.c: int e
com.baidu.mtjstatsdk.c: long f
com.baidu.mtjstatsdk.c: com.baidu.mtjstatsdk.b g
com.baidu.mtjstatsdk.c: c(com.baidu.mtjstatsdk.b,android.content.Context,java.lang.String,java.lang.String,java.lang.String,int,long)
com.baidu.mtjstatsdk.c: void run()