proguard/mapping.txt
com.wlj.chuangbaba.AppStart -> com.wlj.chuangbaba.AppStart:
    com.wlj.widget.MyScrollLayout mScrollLayout -> n
    void addSwitchPage_(com.wlj.widget.MyScrollLayout) -> a
    void GoToMain() -> g
    void onCreate(android.os.Bundle) -> onCreate
    void access$0(com.wlj.chuangbaba.AppStart) -> a
com.wlj.chuangbaba.AppStart$1 -> com.wlj.chuangbaba.a:
    com.wlj.chuangbaba.AppStart this$0 -> a
    void onClick(android.view.View) -> onClick
com.wlj.chuangbaba.AppStart$2 -> com.wlj.chuangbaba.b:
    com.wlj.chuangbaba.AppStart this$0 -> a
    void addSwitchPage(com.wlj.widget.MyScrollLayout) -> a
    void scrollPoint(android.widget.RelativeLayout) -> a
com.wlj.chuangbaba.AppStart$3 -> com.wlj.chuangbaba.c:
    com.wlj.chuangbaba.AppStart this$0 -> a
    com.wlj.chuangbaba.ChuangBaBaContext val$context -> b
    void run() -> run
com.wlj.chuangbaba.AppStart$3$1 -> com.wlj.chuangbaba.d:
    com.wlj.chuangbaba.AppStart$3 this$1 -> a
    com.wlj.chuangbaba.ChuangBaBaContext val$context -> b
    void run() -> run
com.wlj.chuangbaba.ChuangBaBaContext -> com.wlj.chuangbaba.ChuangBaBaContext:
    void onCreate() -> onCreate
    boolean GPSisOpen() -> a
    boolean isOPen() -> b
    boolean Login(com.wlj.chuangbaba.bean.User) -> a
    void loginOut() -> c
    boolean uploadHeTong(com.wlj.chuangbaba.bean.HeTong) -> a
    java.util.Map getBanner() -> d
    boolean SubmintYuYue(com.wlj.chuangbaba.bean.YuYue) -> a
    com.wlj.bean.BaseList getYuYueList(com.wlj.bean.Base,int,boolean) -> a
    java.util.List getProjectTab() -> e
    com.wlj.bean.BaseList getProductListByFenleiId(java.util.Map,boolean) -> a
    com.wlj.chuangbaba.bean.Project getProjectfromid(java.lang.String) -> a
    com.wlj.bean.BaseList getPubListByFeileiId(com.wlj.bean.Base,java.lang.String,int,boolean) -> a
    com.wlj.bean.Base getPubById(com.wlj.bean.Base,java.lang.String) -> a
    com.wlj.bean.BaseList getPubXiangguanByPub(java.lang.String) -> b
    java.lang.String getCanKaoPrice(java.util.HashMap) -> a
    java.lang.String getLoginRand(java.lang.String) -> c
    com.wlj.bean.BaseList getHaveCacheBaseList(android.app.Activity,com.wlj.bean.Base,java.util.Map,boolean) -> a
    com.wlj.bean.BaseList Request(android.app.Activity,java.util.Map,com.wlj.bean.Base) -> a
com.wlj.chuangbaba.MyBaseActivity -> com.wlj.chuangbaba.e:
    com.wlj.chuangbaba.ChuangBaBaContext mContext -> q
    android.content.Intent intent -> r
    int rightDrawable -> s
    int lifeDrawable -> t
    android.widget.TextView left -> u
    android.widget.TextView title -> v
    android.widget.TextView right -> w
    android.os.Handler handle -> x
    void onCreate(android.os.Bundle) -> onCreate
    void beforeTitle() -> h
    void initTitle() -> g
    void callweb() -> n
    int setlayout() -> i
    void initView() -> j
    void Switch(android.os.Message) -> a
    void setViewDate(java.lang.Object) -> a
    void rightOnClick() -> k
    void liftOnClick() -> l
    java.lang.Object callWebMethod() -> m
com.wlj.chuangbaba.MyBaseActivity$1 -> com.wlj.chuangbaba.f:
    com.wlj.chuangbaba.MyBaseActivity this$0 -> a
    void handleMessage(android.os.Message) -> handleMessage
com.wlj.chuangbaba.MyBaseActivity$2 -> com.wlj.chuangbaba.g:
    com.wlj.chuangbaba.MyBaseActivity this$0 -> a
    void onClick(android.view.View) -> onClick
com.wlj.chuangbaba.MyBaseActivity$3 -> com.wlj.chuangbaba.h:
    com.wlj.chuangbaba.MyBaseActivity this$0 -> a
    void onClick(android.view.View) -> onClick
com.wlj.chuangbaba.MyBaseActivity$4 -> com.wlj.chuangbaba.i:
    com.wlj.chuangbaba.MyBaseActivity this$0 -> a
    void run() -> run
com.wlj.chuangbaba.MyBaseFragmentActivity -> com.wlj.chuangbaba.j:
    int oldposition -> y
    android.support.v4.app.Fragment findFragment -> z
    android.support.v4.app.Fragment center_Fragment -> A
    void changeFragment(android.support.v4.app.Fragment,int) -> a
...
com.baidu.location.ab$b -> com.baidu.location.ab$b:
    com.baidu.location.ab a -> a
    void onReceive(android.content.Context,android.content.Intent) -> onReceive
com.baidu.location.ac -> com.baidu.location.ac:
    com.baidu.location.X a -> a
    void run() -> run
com.baidu.location.ad -> com.baidu.location.ad:
    com.baidu.location.ad$a a -> a
    android.os.Messenger Y -> Y
    android.content.Context Z -> Z
    boolean gR -> gR
    android.os.Looper aa -> aa
    android.os.HandlerThread ab -> ab
    boolean ac -> ac
    long ad -> ad
    boolean g0 -> g0
    long gS -> gS
    void onCreate(android.content.Context) -> onCreate
    void a() -> a
    android.os.IBinder onBind(android.content.Intent) -> onBind
    void onDestroy() -> onDestroy
    void b() -> b
    int onStartCommand(android.content.Intent,int,int) -> onStartCommand
    android.os.Handler bv() -> bv
    long bu() -> bu
    void a(android.os.Message) -> a
    void b(android.os.Message) -> b
    void c(android.os.Message) -> c
    void d(android.os.Message) -> d
    boolean onUnBind(android.content.Intent) -> onUnBind
    double getVersion() -> getVersion
    void a(com.baidu.location.ad,android.os.Message) -> a
    void b(com.baidu.location.ad,android.os.Message) -> b
    void c(com.baidu.location.ad,android.os.Message) -> c
    void d(com.baidu.location.ad,android.os.Message) -> d
    void a(com.baidu.location.ad) -> a
    void b(com.baidu.location.ad) -> b
com.baidu.location.ad$a -> com.baidu.location.ad$a:
    com.baidu.location.ad a -> a
    void handleMessage(android.os.Message) -> handleMessage
com.baidu.location.ae -> com.baidu.location.ae:
    com.baidu.location.X a -> a
    void run() -> run
com.baidu.location.af -> com.baidu.location.af:
    com.baidu.location.X$a a -> a
    java.security.cert.X509Certificate[] getAcceptedIssuers() -> getAcceptedIssuers
    void checkClientTrusted(java.security.cert.X509Certificate[],java.lang.String) -> checkClientTrusted
    void checkServerTrusted(java.security.cert.X509Certificate[],java.lang.String) -> checkServerTrusted
com.baidu.location.ag -> com.baidu.location.ag:
    com.baidu.location.ag a -> a
    android.telephony.TelephonyManager Y -> Y
    com.baidu.location.ag$a Z -> Z
    com.baidu.location.ag$a aa -> aa
    java.util.List ab -> ab
    java.lang.String ac -> ac
    com.baidu.location.ag$b ad -> ad
    boolean ae -> ae
    java.lang.reflect.Method af -> af
    java.lang.reflect.Method ag -> ag
    java.lang.reflect.Method ah -> ah
    java.lang.reflect.Method ai -> ai
    java.lang.reflect.Method aj -> aj
    java.lang.Class ak -> ak
    long al -> al
    int am -> am
    boolean an -> an
    boolean ao -> ao
    int ap -> ap
    int aq -> aq
    com.baidu.location.ag at() -> at
    void ay() -> ay
    void as() -> as
    boolean az() -> az
    void b() -> b
    void c() -> c
    int aq() -> aq
    java.lang.String ax() -> ax
    boolean d() -> d
    com.baidu.location.ag$a aw() -> aw
    void e() -> e
    com.baidu.location.ag$a a(android.telephony.CellLocation) -> a
    void a(com.baidu.location.ag$a) -> a
    com.baidu.location.ag$a f() -> f
    com.baidu.location.ag$a a(android.telephony.CellInfo) -> a
    int a(int) -> a
    int aB() -> aB
    long a() -> a
    com.baidu.location.ag$a a(com.baidu.location.ag) -> a
    java.util.List b(com.baidu.location.ag) -> b
    int c(com.baidu.location.ag) -> c
    int a(com.baidu.location.ag,int) -> a
    int d(com.baidu.location.ag) -> d