proguard/usage.txt
com.wlj.chuangbaba.BuildConfig
com.wlj.chuangbaba.ChuangBaBaContext:
    100:110:public void openGPS()
com.wlj.chuangbaba.R
com.wlj.chuangbaba.R$anim
com.wlj.chuangbaba.R$attr
com.wlj.chuangbaba.R$bool
com.wlj.chuangbaba.R$color
com.wlj.chuangbaba.R$dimen
com.wlj.chuangbaba.R$drawable
com.wlj.chuangbaba.R$id
com.wlj.chuangbaba.R$integer
com.wlj.chuangbaba.R$layout
com.wlj.chuangbaba.R$string
com.wlj.chuangbaba.R$style
com.wlj.chuangbaba.R$styleable
com.wlj.chuangbaba.activity.DingDan
com.wlj.chuangbaba.activity.FenLei:
    private static final int lable
    private static final int lablelist
com.wlj.chuangbaba.activity.dailishang.DaiLiShang_GuanLi:
    public static final int JiBenXinXi_requestCode
com.wlj.chuangbaba.activity.lvcailingshou.LvCaiLingShou:
    118:145:public void setDrawerLeftEdgeSize(android.app.Activity,android.support.v4.widget.DrawerLayout,float)
com.wlj.chuangbaba.activity.lvcailingshou.LvCaiLingShouErJi:
    public android.support.v4.widget.DrawerLayout drawerlayout
    public android.support.v4.app.Fragment center_Fragment
com.wlj.chuangbaba.activity.lvcailingshou.fragment.lvcailingshou_Fragment
com.wlj.chuangbaba.activity.lvcailingshou.fragment.lvcailingshou_Fragment$1
com.wlj.chuangbaba.activity.lvcailingshou.fragment.lvcailingshou_Fragment$1$1
com.wlj.chuangbaba.activity.lvcailingshou.fragment.lvcailingshou_Fragment$2
com.wlj.chuangbaba.activity.personal.HuiYuanLogin:
    private java.lang.String description
com.wlj.chuangbaba.activity.personal.OrderActivity:
    public static final int dailishang
    public static final int huiyuan
com.wlj.chuangbaba.activity.personal.fragment.Order_AllOrder:
    public static final int payCode
    public static final int mendianCode
    public static final int updatehetong
com.wlj.chuangbaba.activity.personal.fragment.Order_orderQuery
com.wlj.chuangbaba.activity.personal.fragment.Order_orderQuery$1
com.wlj.chuangbaba.activity.personal.fragment.Order_orderQuery$1$1
com.wlj.chuangbaba.activity.projectxiangqing.fragment.Project_GuiGe:
    android.view.View view
    com.wlj.widget.PullToRefreshListView lv_center
com.wlj.chuangbaba.activity.projectxiangqing.fragment.Project_JiBenXinXi:
    android.view.View view
    com.wlj.widget.PullToRefreshListView lv_center
com.wlj.chuangbaba.bean.Answer:
    private static final long serialVersionUID
    42:42:public java.lang.String getTime()
com.wlj.chuangbaba.bean.Banner:
    private static final long serialVersionUID
    38:38:public java.lang.String getTitle()
com.wlj.chuangbaba.bean.ChuangYi:
    private static final long serialVersionUID
com.wlj.chuangbaba.bean.DaiJinQuan:
    private static final long serialVersionUID
    private int type
    61:61:public java.lang.String getPic()
    77:77:public java.lang.String getTime()
    91:91:public int getType()
    95:96:public void setType(int)
    111:111:public java.lang.String getBianma()
com.wlj.chuangbaba.bean.DaiLiShangDian:
    private static final long serialVersionUID
    56:56:public java.lang.String getXingji()
com.wlj.chuangbaba.bean.Group:
    private static final long serialVersionUID
com.wlj.chuangbaba.bean.HeTong:
    private static final long serialVersionUID
    private java.lang.String userid
    55:55:public java.lang.String getPhone()
    63:63:public java.lang.String getUser()
    67:68:public void setUser(java.lang.String)
com.wlj.chuangbaba.bean.Hot:
    private static final long serialVersionUID
    50:50:public java.lang.String getViewcontext()
com.wlj.chuangbaba.bean.IndexCity:
    private static final long serialVersionUID
com.wlj.chuangbaba.bean.Order:
    private static final long serialVersionUID
    80:80:public java.lang.String getProductId()
    86:86:public java.lang.String getSaleUser()
...
android.support.v4.app.NotificationCompatBase$Action
android.support.v4.app.NotificationCompatBase$Action$Factory
android.support.v4.app.NotificationCompatBase$UnreadConversation
android.support.v4.app.NotificationCompatBase$UnreadConversation$Factory
android.support.v4.app.NotificationCompatExtras
android.support.v4.app.NotificationCompatGingerbread
android.support.v4.app.NotificationCompatHoneycomb
android.support.v4.app.NotificationCompatIceCreamSandwich
android.support.v4.app.NotificationCompatIceCreamSandwich$Builder
android.support.v4.app.NotificationCompatJellybean
android.support.v4.app.NotificationCompatJellybean$Builder
android.support.v4.app.NotificationCompatKitKat
android.support.v4.app.NotificationCompatKitKat$Builder
android.support.v4.app.NotificationCompatSideChannelService
android.support.v4.app.NotificationCompatSideChannelService$1
android.support.v4.app.NotificationCompatSideChannelService$NotificationSideChannelStub
android.support.v4.app.NotificationManagerCompat
android.support.v4.app.NotificationManagerCompat$CancelTask
android.support.v4.app.NotificationManagerCompat$Impl
android.support.v4.app.NotificationManagerCompat$ImplBase
android.support.v4.app.NotificationManagerCompat$ImplEclair
android.support.v4.app.NotificationManagerCompat$ImplIceCreamSandwich
android.support.v4.app.NotificationManagerCompat$NotifyTask
android.support.v4.app.NotificationManagerCompat$ServiceConnectedEvent
android.support.v4.app.NotificationManagerCompat$SideChannelManager
android.support.v4.app.NotificationManagerCompat$SideChannelManager$ListenerRecord
android.support.v4.app.NotificationManagerCompat$Task
android.support.v4.app.NotificationManagerCompatEclair
android.support.v4.app.NotificationManagerCompatIceCreamSandwich
android.support.v4.app.RemoteInput
android.support.v4.app.RemoteInput$1
android.support.v4.app.RemoteInput$Builder
android.support.v4.app.RemoteInput$Impl
android.support.v4.app.RemoteInput$ImplApi20
android.support.v4.app.RemoteInput$ImplBase
android.support.v4.app.RemoteInput$ImplJellybean
android.support.v4.app.RemoteInputCompatApi20
android.support.v4.app.RemoteInputCompatBase
android.support.v4.app.RemoteInputCompatBase$RemoteInput
android.support.v4.app.RemoteInputCompatBase$RemoteInput$Factory
android.support.v4.app.RemoteInputCompatJellybean
android.support.v4.app.ServiceCompat
android.support.v4.app.ShareCompat
android.support.v4.app.ShareCompat$IntentBuilder
android.support.v4.app.ShareCompat$IntentReader
android.support.v4.app.ShareCompat$ShareCompatImpl
android.support.v4.app.ShareCompat$ShareCompatImplBase
android.support.v4.app.ShareCompat$ShareCompatImplICS
android.support.v4.app.ShareCompat$ShareCompatImplJB
android.support.v4.app.ShareCompatICS
android.support.v4.app.ShareCompatJB
android.support.v4.app.SharedElementCallback:
    private android.graphics.Matrix mTempMatrix
    private static final java.lang.String BUNDLE_SNAPSHOT_BITMAP
    private static final java.lang.String BUNDLE_SNAPSHOT_IMAGE_SCALETYPE
    private static final java.lang.String BUNDLE_SNAPSHOT_IMAGE_MATRIX
    43:43:public SharedElementCallback()
    114:114:public void onRejectSharedElements(java.util.List)
    149:188:public android.os.Parcelable onCaptureSharedElementSnapshot(android.view.View,android.graphics.Matrix,android.graphics.RectF)
    195:217:private static android.graphics.Bitmap createDrawableBitmap(android.graphics.drawable.Drawable)
    238:261:public android.view.View onCreateSnapshotView(android.content.Context,android.os.Parcelable)
android.support.v4.app.TaskStackBuilder
android.support.v4.app.TaskStackBuilder$SupportParentable
android.support.v4.app.TaskStackBuilder$TaskStackBuilderImpl
android.support.v4.app.TaskStackBuilder$TaskStackBuilderImplBase
android.support.v4.app.TaskStackBuilder$TaskStackBuilderImplHoneycomb
android.support.v4.app.TaskStackBuilder$TaskStackBuilderImplJellybean